2024-12-18 08:36:03,178 - FastTextService - INFO - Training started with parameters: {
  "lr": 0.5,
  "epoch": 25,
  "wordNgrams": 2,
  "minCount": 1,
  "loss": "softmax"
}
2024-12-18 08:36:03,178 - FastTextService - INFO - Loading positive examples from data/train/positive
2024-12-18 08:36:06,794 - FastTextService - INFO - Loading negative examples from data/train/negative
2024-12-18 08:36:10,407 - FastTextService - INFO - Total training examples: 40000
2024-12-18 08:36:10,592 - FastTextService - INFO - Starting model training...
2024-12-18 08:36:34,926 - FastTextService - INFO - Evaluating on 100 samples from each class
2024-12-18 08:36:35,002 - FastTextService - INFO - Evaluation metrics: {
  "accuracy": 1.0,
  "avg_confidence": 0.9931583797931671,
  "num_test_samples": 200,
  "class_distribution": {
    "positive": 100,
    "negative": 100
  }
}
2024-12-18 08:36:36,022 - FastTextService - INFO - Training completed. Model ID: e6a8b11c-a62d-4fb9-a37b-aceda98f57d9
